<?xml version="1.0" encoding="UTF-8"?>
<!-- Generated by org.testng.reporters.JUnitReportReporter -->
<testsuite skipped="0" hostname="Rakshithas-MacBook-Air.local" name="mavenonline.Trial" tests="1" failures="0" timestamp="2022-08-15T20:50:26 IST" time="56.750" errors="0">
  <testcase name="imw" time="56.750" classname="mavenonline.Trial"/>
  <system-out/>
</testsuite> <!-- mavenonline.Trial -->
