<?xml version="1.0" encoding="UTF-8"?>
<!-- Generated by org.testng.reporters.JUnitReportReporter -->
<testsuite skipped="0" hostname="Rakshithas-MacBook-Air.local" name="mavenproject.Trial" tests="1" failures="0" timestamp="2022-08-18T21:25:41 IST" time="28.212" errors="0">
  <testcase name="imw" time="28.212" classname="mavenproject.Trial"/>
  <system-out/>
</testsuite> <!-- mavenproject.Trial -->
