<?xml version="1.0" encoding="UTF-8"?>
<!-- Generated by org.testng.reporters.JUnitReportReporter -->
<testsuite skipped="0" hostname="Rakshithas-MacBook-Air.local" name="mavenproject.Screenshot2" tests="1" failures="0" timestamp="2022-08-19T19:00:05 IST" time="26.030" errors="0">
  <testcase name="photo" time="26.030" classname="mavenproject.Screenshot2"/>
  <system-out/>
</testsuite> <!-- mavenproject.Screenshot2 -->
