<?xml version="1.0" encoding="UTF-8"?>
<!-- Generated by org.testng.reporters.JUnitReportReporter -->
<testsuite skipped="0" hostname="Rakshithas-MacBook-Air.local" name="mavenproject.Schreenshot" tests="1" failures="0" timestamp="2022-08-19T07:54:06 IST" time="19.512" errors="0">
  <testcase name="sc" time="19.512" classname="mavenproject.Schreenshot"/>
  <system-out/>
</testsuite> <!-- mavenproject.Schreenshot -->
