<?xml version="1.0" encoding="UTF-8"?>
<!-- Generated by org.testng.reporters.JUnitReportReporter -->
<testsuite skipped="0" hostname="Rakshithas-MacBook-Air.local" name="basic.Par" tests="1" failures="0" timestamp="2022-08-19T14:19:11 IST" time="19.854" errors="0">
  <testcase name="login" time="19.854" classname="basic.Par"/>
  <system-out/>
</testsuite> <!-- basic.Par -->
