<?xml version="1.0" encoding="UTF-8"?>
<!-- Generated by org.testng.reporters.JUnitReportReporter -->
<testsuite skipped="0" hostname="Rakshithas-MacBook-Air.local" name="paramet.Par" tests="1" failures="0" timestamp="2022-08-19T08:16:10 IST" time="16.729" errors="0">
  <testcase name="login" time="16.729" classname="paramet.Par"/>
  <system-out/>
</testsuite> <!-- paramet.Par -->
