<?xml version="1.0" encoding="UTF-8"?>
<!-- Generated by org.testng.reporters.JUnitReportReporter -->
<testsuite skipped="0" hostname="Rakshithas-MacBook-Air.local" name="basic.Assignpar" tests="1" failures="0" timestamp="2022-08-19T18:32:28 IST" time="23.503" errors="0">
  <testcase name="login" time="23.503" classname="basic.Assignpar"/>
  <system-out/>
</testsuite> <!-- basic.Assignpar -->
