<?xml version="1.0" encoding="UTF-8"?>
<!-- Generated by org.testng.reporters.JUnitReportReporter -->
<testsuite skipped="0" hostname="Rakshithas-MacBook-Air.local" name="tng_frame.Real" tests="6" failures="0" timestamp="2022-08-13T09:29:35 IST" time="20.464" errors="0">
  <testcase name="visiting" time="16.250" classname="tng_frame.Real"/>
  <system-out/>
  <testcase name="max" time="0.236" classname="tng_frame.Real"/>
  <system-out/>
  <testcase name="refresh" time="1.457" classname="tng_frame.Real"/>
  <system-out/>
  <testcase name="refresh" time="0.942" classname="tng_frame.Real"/>
  <system-out/>
  <testcase name="click" time="1.257" classname="tng_frame.Real"/>
  <system-out/>
  <testcase name="close" time="0.322" classname="tng_frame.Real"/>
  <system-out/>
</testsuite> <!-- tng_frame.Real -->
