<?xml version="1.0" encoding="UTF-8"?>
<!-- Generated by org.testng.reporters.JUnitReportReporter -->
<testsuite skipped="1" hostname="Rakshithas-MacBook-Air.local" name="tng_frame.Atribute" tests="4" failures="0" timestamp="2022-08-13T16:24:17 IST" time="0.072" errors="0">
  <testcase name="abc" time="0.033" classname="tng_frame.Atribute"/>
  <system-out/>
  <testcase name="m2" time="0.028" classname="tng_frame.Atribute"/>
  <system-out/>
  <testcase name="m2" time="0.011" classname="tng_frame.Atribute"/>
  <system-out/>
  <testcase name="m1" classname="tng_frame.Atribute">
    <skipped/>
  </testcase> <!-- m1 -->
  <system-out/>
</testsuite> <!-- tng_frame.Atribute -->
