<?xml version="1.0" encoding="UTF-8"?>
<!-- Generated by org.testng.reporters.JUnitReportReporter -->
<testsuite skipped="0" hostname="Rakshithas-MacBook-Air.local" name="tng_assignment.Assigntng2" tests="4" failures="0" timestamp="2022-08-15T12:32:31 IST" time="14.909" errors="0">
  <testcase name="site" time="11.717" classname="tng_assignment.Assigntng2"/>
  <system-out/>
  <testcase name="un" time="0.548" classname="tng_assignment.Assigntng2"/>
  <system-out/>
  <testcase name="pw" time="0.378" classname="tng_assignment.Assigntng2"/>
  <system-out/>
  <testcase name="login" time="2.266" classname="tng_assignment.Assigntng2"/>
  <system-out/>
</testsuite> <!-- tng_assignment.Assigntng2 -->
