<?xml version="1.0" encoding="UTF-8"?>
<!-- Generated by org.testng.reporters.JUnitReportReporter -->
<testsuite skipped="0" hostname="Rakshithas-MacBook-Air.local" name="tng_assignment.Assigntng1" tests="1" failures="0" timestamp="2022-08-15T11:49:24 IST" time="24.062" errors="0">
  <testcase name="select" time="24.062" classname="tng_assignment.Assigntng1"/>
  <system-out/>
</testsuite> <!-- tng_assignment.Assigntng1 -->
