<?xml version="1.0" encoding="UTF-8"?>
<!-- Generated by org.testng.reporters.JUnitReportReporter -->
<testsuite skipped="0" hostname="Rakshithas-MacBook-Air.local" name="tng_frame.Testngwaitex" tests="1" failures="0" timestamp="2022-08-17T09:22:30 IST" time="15.064" errors="0">
  <testcase name="exw" time="15.064" classname="tng_frame.Testngwaitex"/>
  <system-out/>
</testsuite> <!-- tng_frame.Testngwaitex -->
