<?xml version="1.0" encoding="UTF-8"?>
<!-- Generated by org.testng.reporters.JUnitReportReporter -->
<testsuite skipped="0" hostname="Rakshithas-MacBook-Air.local" name="tng_frame.Annotation" tests="2" failures="0" timestamp="2022-08-15T09:17:13 IST" time="3.382" errors="0">
  <testcase name="t1" time="1.095" classname="tng_frame.Annotation"/>
  <system-out/>
  <testcase name="t2" time="2.287" classname="tng_frame.Annotation"/>
  <system-out/>
</testsuite> <!-- tng_frame.Annotation -->
