<?xml version="1.0" encoding="UTF-8"?>
<!-- Generated by org.testng.reporters.JUnitReportReporter -->
<testsuite skipped="0" hostname="Rakshithas-MacBook-Air.local" name="tng_dataprovide.Example" tests="3" failures="0" timestamp="2022-08-17T21:10:47 IST" time="44.654" errors="0">
  <testcase name="DataProvSampleTest" time="12.158" classname="tng_dataprovide.Example"/>
  <system-out/>
  <testcase name="DataProvSampleTest" time="20.443" classname="tng_dataprovide.Example"/>
  <system-out/>
  <testcase name="DataProvSampleTest" time="12.053" classname="tng_dataprovide.Example"/>
  <system-out/>
</testsuite> <!-- tng_dataprovide.Example -->
