<?xml version="1.0" encoding="UTF-8"?>
<!-- Generated by org.testng.reporters.JUnitReportReporter -->
<testsuite skipped="0" hostname="Rakshithas-MacBook-Air.local" name="tng_frame.Testngwaits" tests="1" failures="0" timestamp="2022-08-19T09:42:31 IST" time="20.162" errors="0">
  <testcase name="imw" time="20.162" classname="tng_frame.Testngwaits"/>
  <system-out/>
</testsuite> <!-- tng_frame.Testngwaits -->
