<?xml version="1.0" encoding="UTF-8"?>
<!-- Generated by org.testng.reporters.JUnitReportReporter -->
<testsuite skipped="0" hostname="Rakshithas-MacBook-Air.local" name="tng_dataprovide.Example2" tests="4" failures="0" timestamp="2022-08-19T14:13:47 IST" time="51.184" errors="0">
  <testcase name="datapro" time="12.509" classname="tng_dataprovide.Example2"/>
  <system-out/>
  <testcase name="datapro" time="13.196" classname="tng_dataprovide.Example2"/>
  <system-out/>
  <testcase name="datapro" time="12.696" classname="tng_dataprovide.Example2"/>
  <system-out/>
  <testcase name="datapro" time="12.783" classname="tng_dataprovide.Example2"/>
  <system-out/>
</testsuite> <!-- tng_dataprovide.Example2 -->
