<?xml version="1.0" encoding="UTF-8"?>
<!-- Generated by org.testng.reporters.JUnitReportReporter -->
<testsuite skipped="0" hostname="Rakshithas-MacBook-Air.local" name="tng_frame.NG" tests="4" failures="0" timestamp="2022-08-12T22:06:00 IST" time="0.043" errors="0">
  <testcase name="m1" time="0.026" classname="tng_frame.NG"/>
  <system-out/>
  <testcase name="abc" time="0.006" classname="tng_frame.NG"/>
  <system-out/>
  <testcase name="m2" time="0.006" classname="tng_frame.NG"/>
  <system-out/>
  <testcase name="m2" time="0.005" classname="tng_frame.NG"/>
  <system-out/>
</testsuite> <!-- tng_frame.NG -->
