<?xml version="1.0" encoding="UTF-8"?>
<!-- Generated by org.testng.reporters.JUnitReportReporter -->
<testsuite skipped="0" hostname="Rakshithas-MacBook-Air.local" name="tng_frame.Time" tests="1" failures="0" timestamp="2022-08-13T16:31:32 IST" time="3.038" errors="0">
  <testcase name="timeo" time="3.038" classname="tng_frame.Time"/>
  <system-out/>
</testsuite> <!-- tng_frame.Time -->
