<?xml version="1.0" encoding="UTF-8"?>
<!-- Generated by org.testng.reporters.JUnitReportReporter -->
<testsuite skipped="0" hostname="Rakshithas-MacBook-Air.local" name="folder1.C1" tests="1" failures="0" timestamp="2022-08-19T14:32:34 IST" time="61.662" errors="0">
  <testcase name="t1" time="61.662" classname="folder1.C1"/>
  <system-out/>
</testsuite> <!-- folder1.C1 -->
