<?xml version="1.0" encoding="UTF-8"?>
<!-- Generated by org.testng.reporters.JUnitReportReporter -->
<testsuite skipped="0" hostname="Rakshithas-MacBook-Air.local" name="folder2.C4" tests="1" failures="0" timestamp="2022-08-19T14:32:49 IST" time="54.831" errors="0">
  <testcase name="t4" time="54.831" classname="folder2.C4"/>
  <system-out/>
</testsuite> <!-- folder2.C4 -->
