<?xml version="1.0" encoding="UTF-8"?>
<!-- Generated by org.testng.reporters.JUnitReportReporter -->
<testsuite skipped="0" hostname="Rakshithas-MacBook-Air.local" name="folder2.C3" tests="1" failures="0" timestamp="2022-08-19T14:32:39 IST" time="61.902" errors="0">
  <testcase name="t3" time="61.902" classname="folder2.C3"/>
  <system-out/>
</testsuite> <!-- folder2.C3 -->
