<?xml version="1.0" encoding="UTF-8"?>
<!-- Generated by org.testng.reporters.JUnitReportReporter -->
<testsuite skipped="0" hostname="Rakshithas-MacBook-Air.local" name="folder1.C2" tests="1" failures="0" timestamp="2022-08-19T14:32:44 IST" time="68.197" errors="0">
  <testcase name="t2" time="68.197" classname="folder1.C2"/>
  <system-out/>
</testsuite> <!-- folder1.C2 -->
