<?xml version="1.0" encoding="UTF-8"?>
<!-- Generated by org.testng.reporters.JUnitReportReporter -->
<testsuite skipped="0" hostname="Rakshithas-MacBook-Air.local" name="folder2.Sample" tests="1" failures="0" timestamp="2022-08-17T09:51:58 IST" time="40.498" errors="0">
  <testcase name="imw" time="40.498" classname="folder2.Sample"/>
  <system-out/>
</testsuite> <!-- folder2.Sample -->
