<?xml version="1.0" encoding="UTF-8"?>
<!-- Generated by org.testng.reporters.JUnitReportReporter -->
<testsuite skipped="0" hostname="Rakshithas-MacBook-Air.local" name="extent_report.Try" tests="1" failures="0" timestamp="2022-08-22T20:56:16 IST" time="25.298" errors="0">
  <testcase name="extentReportsDemo" time="25.298" classname="extent_report.Try"/>
  <system-out/>
</testsuite> <!-- extent_report.Try -->
